0 info it worked if it ends with ok
1 verbose cli [ 'node', '/usr/local/bin/npm', 'publish' ]
2 info using npm@1.2.18
3 info using node@v0.10.4
4 verbose node symlink /usr/bin/node
5 verbose publish [ '.' ]
6 verbose read json /Users/duanhouhai/development/trarck/yhnode/package.json
7 verbose cache add [ '.', null ]
8 verbose cache add name=undefined spec="." args=[".",null]
9 verbose parsed url { protocol: null,
9 verbose parsed url   slashes: null,
9 verbose parsed url   auth: null,
9 verbose parsed url   host: null,
9 verbose parsed url   port: null,
9 verbose parsed url   hostname: null,
9 verbose parsed url   hash: null,
9 verbose parsed url   search: null,
9 verbose parsed url   query: null,
9 verbose parsed url   pathname: '.',
9 verbose parsed url   path: '.',
9 verbose parsed url   href: '.' }
10 silly lockFile 3a52ce78- .
11 verbose lock . /Users/duanhouhai/.npm/3a52ce78-.lock
12 verbose read json package.json
13 verbose tar pack [ '/var/folders/6s/hfc5nhds3jqgjvtdt269_4y00000gn/T/npm-22741/1402993654100-0.28566215140745044/tmp.tgz',
13 verbose tar pack   '.' ]
14 verbose tarball /var/folders/6s/hfc5nhds3jqgjvtdt269_4y00000gn/T/npm-22741/1402993654100-0.28566215140745044/tmp.tgz
15 verbose folder .
16 info prepublish yhnode@0.0.11
17 silly lockFile 3a52ce78- .
18 verbose lock . /Users/duanhouhai/.npm/3a52ce78-.lock
19 silly lockFile 035db01b-4100-0-28566215140745044-tmp-tgz /var/folders/6s/hfc5nhds3jqgjvtdt269_4y00000gn/T/npm-22741/1402993654100-0.28566215140745044/tmp.tgz
20 verbose lock /var/folders/6s/hfc5nhds3jqgjvtdt269_4y00000gn/T/npm-22741/1402993654100-0.28566215140745044/tmp.tgz /Users/duanhouhai/.npm/035db01b-4100-0-28566215140745044-tmp-tgz.lock
21 silly lockFile 3a52ce78- .
22 silly lockFile 3a52ce78- .
23 silly lockFile 035db01b-4100-0-28566215140745044-tmp-tgz /var/folders/6s/hfc5nhds3jqgjvtdt269_4y00000gn/T/npm-22741/1402993654100-0.28566215140745044/tmp.tgz
24 silly lockFile 035db01b-4100-0-28566215140745044-tmp-tgz /var/folders/6s/hfc5nhds3jqgjvtdt269_4y00000gn/T/npm-22741/1402993654100-0.28566215140745044/tmp.tgz
25 verbose tar unpack /var/folders/6s/hfc5nhds3jqgjvtdt269_4y00000gn/T/npm-22741/1402993654100-0.28566215140745044/tmp.tgz
26 silly lockFile d0e3ffc1-4100-0-28566215140745044-package /var/folders/6s/hfc5nhds3jqgjvtdt269_4y00000gn/T/npm-22741/1402993654100-0.28566215140745044/package
27 verbose lock /var/folders/6s/hfc5nhds3jqgjvtdt269_4y00000gn/T/npm-22741/1402993654100-0.28566215140745044/package /Users/duanhouhai/.npm/d0e3ffc1-4100-0-28566215140745044-package.lock
28 silly lockFile 035db01b-4100-0-28566215140745044-tmp-tgz /var/folders/6s/hfc5nhds3jqgjvtdt269_4y00000gn/T/npm-22741/1402993654100-0.28566215140745044/tmp.tgz
29 verbose lock /var/folders/6s/hfc5nhds3jqgjvtdt269_4y00000gn/T/npm-22741/1402993654100-0.28566215140745044/tmp.tgz /Users/duanhouhai/.npm/035db01b-4100-0-28566215140745044-tmp-tgz.lock
30 silly gunzTarPerm modes [ '755', '644' ]
31 silly gunzTarPerm extractEntry package.json
32 silly gunzTarPerm extractEntry .npmignore
33 silly gunzTarPerm extractEntry README.md
34 silly gunzTarPerm extractEntry index.js
35 silly gunzTarPerm extractEntry base/Accessor.js
36 silly gunzTarPerm extractEntry base/ArgParser.js
37 silly gunzTarPerm extractEntry base/BaseObject.js
38 silly gunzTarPerm extractEntry base/Core.js
39 silly gunzTarPerm extractEntry base/Platform.js
40 silly gunzTarPerm extractEntry collections/OrderedDictionary.js
41 silly gunzTarPerm extractEntry tests/TestBaseObject.js
42 silly gunzTarPerm extractEntry tests/TestDownload.js
43 silly gunzTarPerm extractEntry tests/TestXMLHttpRequest.js
44 silly gunzTarPerm extractEntry tests/async/test_CallbackWorkPool .js
45 silly gunzTarPerm extractEntry tests/async/test_SimpleWorkPool.js
46 silly gunzTarPerm extractEntry tests/async/test_WorkPool.js
47 silly gunzTarPerm extractEntry tests/async/test_WorkPool2.js
48 silly gunzTarPerm extractEntry tests/async/test_WorkQueue.js
49 silly gunzTarPerm extractEntry tests/http/TestCookies.js
50 silly gunzTarPerm extractEntry tests/http/TestHeaers.js
51 silly gunzTarPerm extractEntry tests/http/TestRequest.js
52 silly gunzTarPerm extractEntry arithmetic/DuQueue.js
53 silly gunzTarPerm extractEntry arithmetic/Queue.js
54 silly gunzTarPerm extractEntry arithmetic/RTree.js
55 silly gunzTarPerm extractEntry io/InputStream.js
56 silly gunzTarPerm extractEntry io/OutputStream.js
57 silly gunzTarPerm extractEntry network/Download.js
58 silly gunzTarPerm extractEntry network/QueryString.js
59 silly gunzTarPerm extractEntry network/URI.js
60 silly gunzTarPerm extractEntry network/http/Client.js
61 silly gunzTarPerm extractEntry network/http/Cookies.js
62 silly gunzTarPerm extractEntry network/http/Headers.js
63 silly gunzTarPerm extractEntry network/http/HttpClient.js
64 silly gunzTarPerm extractEntry network/http/Request.js
65 silly gunzTarPerm extractEntry network/http/RequestCache.js
66 silly gunzTarPerm extractEntry network/http/Response.js
67 silly gunzTarPerm extractEntry network/http/XMLHttpClient.js
68 silly gunzTarPerm extractEntry network/http/XMLHttpRequest.js
69 silly gunzTarPerm extractEntry async/CallbackTask.js
70 silly gunzTarPerm extractEntry async/CallbackWorkPool.js
71 silly gunzTarPerm extractEntry async/SimpleWorkPool.js
72 silly gunzTarPerm extractEntry async/Task.js
73 silly gunzTarPerm extractEntry async/WorkPool.js
74 silly gunzTarPerm extractEntry async/WorkQueue.js
75 silly gunzTarPerm extractEntry async/async.js
76 silly gunzTarPerm extractEntry filesystem/Path.js
77 verbose read json /var/folders/6s/hfc5nhds3jqgjvtdt269_4y00000gn/T/npm-22741/1402993654100-0.28566215140745044/package/package.json
78 silly lockFile d0e3ffc1-4100-0-28566215140745044-package /var/folders/6s/hfc5nhds3jqgjvtdt269_4y00000gn/T/npm-22741/1402993654100-0.28566215140745044/package
79 silly lockFile d0e3ffc1-4100-0-28566215140745044-package /var/folders/6s/hfc5nhds3jqgjvtdt269_4y00000gn/T/npm-22741/1402993654100-0.28566215140745044/package
80 silly lockFile 035db01b-4100-0-28566215140745044-tmp-tgz /var/folders/6s/hfc5nhds3jqgjvtdt269_4y00000gn/T/npm-22741/1402993654100-0.28566215140745044/tmp.tgz
81 silly lockFile 035db01b-4100-0-28566215140745044-tmp-tgz /var/folders/6s/hfc5nhds3jqgjvtdt269_4y00000gn/T/npm-22741/1402993654100-0.28566215140745044/tmp.tgz
82 verbose from cache /var/folders/6s/hfc5nhds3jqgjvtdt269_4y00000gn/T/npm-22741/1402993654100-0.28566215140745044/package/package.json
83 verbose tar pack [ '/Users/duanhouhai/.npm/yhnode/0.0.11/package.tgz',
83 verbose tar pack   '/var/folders/6s/hfc5nhds3jqgjvtdt269_4y00000gn/T/npm-22741/1402993654100-0.28566215140745044/package' ]
84 verbose tarball /Users/duanhouhai/.npm/yhnode/0.0.11/package.tgz
85 verbose folder /var/folders/6s/hfc5nhds3jqgjvtdt269_4y00000gn/T/npm-22741/1402993654100-0.28566215140745044/package
86 silly lockFile d0e3ffc1-4100-0-28566215140745044-package /var/folders/6s/hfc5nhds3jqgjvtdt269_4y00000gn/T/npm-22741/1402993654100-0.28566215140745044/package
87 verbose lock /var/folders/6s/hfc5nhds3jqgjvtdt269_4y00000gn/T/npm-22741/1402993654100-0.28566215140745044/package /Users/duanhouhai/.npm/d0e3ffc1-4100-0-28566215140745044-package.lock
88 silly lockFile 17156d8f-ai-npm-yhnode-0-0-11-package-tgz /Users/duanhouhai/.npm/yhnode/0.0.11/package.tgz
89 verbose lock /Users/duanhouhai/.npm/yhnode/0.0.11/package.tgz /Users/duanhouhai/.npm/17156d8f-ai-npm-yhnode-0-0-11-package-tgz.lock
90 silly lockFile d0e3ffc1-4100-0-28566215140745044-package /var/folders/6s/hfc5nhds3jqgjvtdt269_4y00000gn/T/npm-22741/1402993654100-0.28566215140745044/package
91 silly lockFile d0e3ffc1-4100-0-28566215140745044-package /var/folders/6s/hfc5nhds3jqgjvtdt269_4y00000gn/T/npm-22741/1402993654100-0.28566215140745044/package
92 silly lockFile 17156d8f-ai-npm-yhnode-0-0-11-package-tgz /Users/duanhouhai/.npm/yhnode/0.0.11/package.tgz
93 silly lockFile 17156d8f-ai-npm-yhnode-0-0-11-package-tgz /Users/duanhouhai/.npm/yhnode/0.0.11/package.tgz
94 silly lockFile b06d8a45-houhai-npm-yhnode-0-0-11-package /Users/duanhouhai/.npm/yhnode/0.0.11/package
95 verbose lock /Users/duanhouhai/.npm/yhnode/0.0.11/package /Users/duanhouhai/.npm/b06d8a45-houhai-npm-yhnode-0-0-11-package.lock
96 silly lockFile b06d8a45-houhai-npm-yhnode-0-0-11-package /Users/duanhouhai/.npm/yhnode/0.0.11/package
97 silly lockFile b06d8a45-houhai-npm-yhnode-0-0-11-package /Users/duanhouhai/.npm/yhnode/0.0.11/package
98 verbose tar unpack /Users/duanhouhai/.npm/yhnode/0.0.11/package.tgz
99 silly lockFile b06d8a45-houhai-npm-yhnode-0-0-11-package /Users/duanhouhai/.npm/yhnode/0.0.11/package
100 verbose lock /Users/duanhouhai/.npm/yhnode/0.0.11/package /Users/duanhouhai/.npm/b06d8a45-houhai-npm-yhnode-0-0-11-package.lock
101 silly lockFile 17156d8f-ai-npm-yhnode-0-0-11-package-tgz /Users/duanhouhai/.npm/yhnode/0.0.11/package.tgz
102 verbose lock /Users/duanhouhai/.npm/yhnode/0.0.11/package.tgz /Users/duanhouhai/.npm/17156d8f-ai-npm-yhnode-0-0-11-package-tgz.lock
103 silly gunzTarPerm modes [ '755', '644' ]
104 silly gunzTarPerm extractEntry package.json
105 silly gunzTarPerm extractEntry .npmignore
106 silly gunzTarPerm extractEntry README.md
107 silly gunzTarPerm extractEntry index.js
108 silly gunzTarPerm extractEntry base/Accessor.js
109 silly gunzTarPerm extractEntry base/ArgParser.js
110 silly gunzTarPerm extractEntry base/BaseObject.js
111 silly gunzTarPerm extractEntry base/Core.js
112 silly gunzTarPerm extractEntry base/Platform.js
113 silly gunzTarPerm extractEntry collections/OrderedDictionary.js
114 silly gunzTarPerm extractEntry tests/TestBaseObject.js
115 silly gunzTarPerm extractEntry tests/TestDownload.js
116 silly gunzTarPerm extractEntry tests/TestXMLHttpRequest.js
117 silly gunzTarPerm extractEntry tests/async/test_CallbackWorkPool .js
118 silly gunzTarPerm extractEntry tests/async/test_SimpleWorkPool.js
119 silly gunzTarPerm extractEntry tests/async/test_WorkPool.js
120 silly gunzTarPerm extractEntry tests/async/test_WorkPool2.js
121 silly gunzTarPerm extractEntry tests/async/test_WorkQueue.js
122 silly gunzTarPerm extractEntry tests/http/TestCookies.js
123 silly gunzTarPerm extractEntry tests/http/TestHeaers.js
124 silly gunzTarPerm extractEntry tests/http/TestRequest.js
125 silly gunzTarPerm extractEntry arithmetic/DuQueue.js
126 silly gunzTarPerm extractEntry arithmetic/Queue.js
127 silly gunzTarPerm extractEntry arithmetic/RTree.js
128 silly gunzTarPerm extractEntry io/InputStream.js
129 silly gunzTarPerm extractEntry io/OutputStream.js
130 silly gunzTarPerm extractEntry network/Download.js
131 silly gunzTarPerm extractEntry network/QueryString.js
132 silly gunzTarPerm extractEntry network/URI.js
133 silly gunzTarPerm extractEntry network/http/Client.js
134 silly gunzTarPerm extractEntry network/http/Cookies.js
135 silly gunzTarPerm extractEntry network/http/Headers.js
136 silly gunzTarPerm extractEntry network/http/HttpClient.js
137 silly gunzTarPerm extractEntry network/http/Request.js
138 silly gunzTarPerm extractEntry network/http/RequestCache.js
139 silly gunzTarPerm extractEntry network/http/Response.js
140 silly gunzTarPerm extractEntry network/http/XMLHttpClient.js
141 silly gunzTarPerm extractEntry network/http/XMLHttpRequest.js
142 silly gunzTarPerm extractEntry async/CallbackTask.js
143 silly gunzTarPerm extractEntry async/CallbackWorkPool.js
144 silly gunzTarPerm extractEntry async/SimpleWorkPool.js
145 silly gunzTarPerm extractEntry async/Task.js
146 silly gunzTarPerm extractEntry async/WorkPool.js
147 silly gunzTarPerm extractEntry async/WorkQueue.js
148 silly gunzTarPerm extractEntry async/async.js
149 silly gunzTarPerm extractEntry filesystem/Path.js
150 verbose read json /Users/duanhouhai/.npm/yhnode/0.0.11/package/package.json
151 silly lockFile b06d8a45-houhai-npm-yhnode-0-0-11-package /Users/duanhouhai/.npm/yhnode/0.0.11/package
152 silly lockFile b06d8a45-houhai-npm-yhnode-0-0-11-package /Users/duanhouhai/.npm/yhnode/0.0.11/package
153 silly lockFile 17156d8f-ai-npm-yhnode-0-0-11-package-tgz /Users/duanhouhai/.npm/yhnode/0.0.11/package.tgz
154 silly lockFile 17156d8f-ai-npm-yhnode-0-0-11-package-tgz /Users/duanhouhai/.npm/yhnode/0.0.11/package.tgz
155 silly shasum updated bytes 49630
156 info shasum fab97b0338651736ce6ea58d3b2ed276687dac06
156 info shasum /Users/duanhouhai/.npm/yhnode/0.0.11/package.tgz
157 verbose from cache /Users/duanhouhai/.npm/yhnode/0.0.11/package/package.json
158 verbose chmod /Users/duanhouhai/.npm/yhnode/0.0.11/package.tgz 644
159 verbose chown /Users/duanhouhai/.npm/yhnode/0.0.11/package.tgz [ 501, 20 ]
160 silly lockFile 3a52ce78- .
161 silly publish { name: 'yhnode',
161 silly publish   description: 'nodejs lib',
161 silly publish   version: '0.0.11',
161 silly publish   author: { name: 'trarck', email: 'trarck@gmail.com' },
161 silly publish   contributors: [],
161 silly publish   dependencies: {},
161 silly publish   devDependencies: {},
161 silly publish   keywords: [ 'framework', 'sinatra', 'web', 'rest', 'restful' ],
161 silly publish   repository: { type: 'git', url: 'http://github.com/trarck/yhnode' },
161 silly publish   main: 'index',
161 silly publish   readme: 'yhnode\n======\n\nnode lib',
161 silly publish   readmeFilename: 'README.md',
161 silly publish   _id: 'yhnode@0.0.11',
161 silly publish   dist: { shasum: 'fab97b0338651736ce6ea58d3b2ed276687dac06' },
161 silly publish   _from: '.' }
162 verbose url raw yhnode
163 verbose url resolving [ 'https://registry.npmjs.org/', './yhnode' ]
164 verbose url resolved https://registry.npmjs.org/yhnode
165 info trying registry request attempt 1 at 16:27:45
166 http PUT https://registry.npmjs.org/yhnode
167 http 201 https://registry.npmjs.org/yhnode
168 verbose url raw yhnode
169 verbose url resolving [ 'https://registry.npmjs.org/', './yhnode' ]
170 verbose url resolved https://registry.npmjs.org/yhnode
171 info trying registry request attempt 1 at 16:27:46
172 http GET https://registry.npmjs.org/yhnode
173 http 200 https://registry.npmjs.org/yhnode
174 error publish fail Cannot publish over existing version.
174 error publish fail Update the 'version' field in package.json and try again.
174 error publish fail
174 error publish fail If the previous version was published in error, see:
174 error publish fail     npm help unpublish
174 error publish fail
174 error publish fail To automatically increment version numbers, see:
174 error publish fail     npm help version
175 error System Darwin 12.5.0
176 error command "node" "/usr/local/bin/npm" "publish"
177 error cwd /Users/duanhouhai/development/trarck/yhnode
178 error node -v v0.10.4
179 error npm -v 1.2.18
180 error code EPUBLISHCONFLICT
181 verbose exit [ 1, true ]
